<?xml version="1.0" encoding="UTF-8"?>
<testsuite name="accenture.chatbotpmo.chatbot.ChatbotApplicationTests" tests="1" skipped="0" failures="0" errors="0" timestamp="2019-05-03T08:36:20" hostname="CPX-QUNEGHZLDE5" time="0.183">
  <properties/>
  <testcase name="contextLoads" classname="accenture.chatbotpmo.chatbot.ChatbotApplicationTests" time="0.183"/>
  <system-out><![CDATA[10:36:17.805 [Test worker] DEBUG org.springframework.test.context.junit4.SpringJUnit4ClassRunner - SpringJUnit4ClassRunner constructor called with [class accenture.chatbotpmo.chatbot.ChatbotApplicationTests]
10:36:17.821 [Test worker] DEBUG org.springframework.test.context.BootstrapUtils - Instantiating CacheAwareContextLoaderDelegate from class [org.springframework.test.context.cache.DefaultCacheAwareContextLoaderDelegate]
10:36:17.833 [Test worker] DEBUG org.springframework.test.context.BootstrapUtils - Instantiating BootstrapContext using constructor [public org.springframework.test.context.support.DefaultBootstrapContext(java.lang.Class,org.springframework.test.context.CacheAwareContextLoaderDelegate)]
10:36:17.838 [Test worker] DEBUG org.springframework.test.context.BootstrapUtils - Instantiating TestContextBootstrapper for test class [accenture.chatbotpmo.chatbot.ChatbotApplicationTests] from class [org.springframework.boot.test.context.SpringBootTestContextBootstrapper]
10:36:17.858 [Test worker] INFO org.springframework.boot.test.context.SpringBootTestContextBootstrapper - Neither @ContextConfiguration nor @ContextHierarchy found for test class [accenture.chatbotpmo.chatbot.ChatbotApplicationTests], using SpringBootContextLoader
10:36:17.858 [Test worker] DEBUG org.springframework.test.context.support.AbstractContextLoader - Did not detect default resource location for test class [accenture.chatbotpmo.chatbot.ChatbotApplicationTests]: class path resource [accenture/chatbotpmo/chatbot/ChatbotApplicationTests-context.xml] does not exist
10:36:17.858 [Test worker] DEBUG org.springframework.test.context.support.AbstractContextLoader - Did not detect default resource location for test class [accenture.chatbotpmo.chatbot.ChatbotApplicationTests]: class path resource [accenture/chatbotpmo/chatbot/ChatbotApplicationTestsContext.groovy] does not exist
10:36:17.858 [Test worker] INFO org.springframework.test.context.support.AbstractContextLoader - Could not detect default resource locations for test class [accenture.chatbotpmo.chatbot.ChatbotApplicationTests]: no resource found for suffixes {-context.xml, Context.groovy}.
10:36:17.858 [Test worker] INFO org.springframework.test.context.support.AnnotationConfigContextLoaderUtils - Could not detect default configuration classes for test class [accenture.chatbotpmo.chatbot.ChatbotApplicationTests]: ChatbotApplicationTests does not declare any static, non-private, non-final, nested classes annotated with @Configuration.
10:36:17.905 [Test worker] DEBUG org.springframework.test.context.support.ActiveProfilesUtils - Could not find an 'annotation declaring class' for annotation type [org.springframework.test.context.ActiveProfiles] and class [accenture.chatbotpmo.chatbot.ChatbotApplicationTests]
10:36:17.976 [Test worker] DEBUG org.springframework.context.annotation.ClassPathScanningCandidateComponentProvider - Identified candidate component class: file [C:\Users\robin.fanfan.berger\IdeaProjects\gradle-getting-started\build\classes\java\main\accenture\chatbotpmo\chatbot\ChatbotApplication.class]
10:36:17.976 [Test worker] INFO org.springframework.boot.test.context.SpringBootTestContextBootstrapper - Found @SpringBootConfiguration accenture.chatbotpmo.chatbot.ChatbotApplication for test class accenture.chatbotpmo.chatbot.ChatbotApplicationTests
10:36:18.074 [Test worker] DEBUG org.springframework.boot.test.context.SpringBootTestContextBootstrapper - @TestExecutionListeners is not present for class [accenture.chatbotpmo.chatbot.ChatbotApplicationTests]: using defaults.
10:36:18.074 [Test worker] INFO org.springframework.boot.test.context.SpringBootTestContextBootstrapper - Loaded default TestExecutionListener class names from location [META-INF/spring.factories]: [org.springframework.boot.test.autoconfigure.restdocs.RestDocsTestExecutionListener, org.springframework.boot.test.autoconfigure.web.client.MockRestServiceServerResetTestExecutionListener, org.springframework.boot.test.autoconfigure.web.servlet.MockMvcPrintOnlyOnFailureTestExecutionListener, org.springframework.boot.test.autoconfigure.web.servlet.WebDriverTestExecutionListener, org.springframework.boot.test.mock.mockito.MockitoTestExecutionListener, org.springframework.boot.test.mock.mockito.ResetMocksTestExecutionListener, org.springframework.test.context.web.ServletTestExecutionListener, org.springframework.test.context.support.DirtiesContextBeforeModesTestExecutionListener, org.springframework.test.context.support.DependencyInjectionTestExecutionListener, org.springframework.test.context.support.DirtiesContextTestExecutionListener, org.springframework.test.context.transaction.TransactionalTestExecutionListener, org.springframework.test.context.jdbc.SqlScriptsTestExecutionListener]
10:36:18.105 [Test worker] INFO org.springframework.boot.test.context.SpringBootTestContextBootstrapper - Using TestExecutionListeners: [org.springframework.test.context.web.ServletTestExecutionListener@6d47f06b, org.springframework.test.context.support.DirtiesContextBeforeModesTestExecutionListener@4f2c6273, org.springframework.boot.test.mock.mockito.MockitoTestExecutionListener@297c2b, org.springframework.boot.test.autoconfigure.SpringBootDependencyInjectionTestExecutionListener@59d90fdb, org.springframework.test.context.support.DirtiesContextTestExecutionListener@b4f6823, org.springframework.test.context.transaction.TransactionalTestExecutionListener@27dcacc3, org.springframework.test.context.jdbc.SqlScriptsTestExecutionListener@6c5f5437, org.springframework.boot.test.autoconfigure.restdocs.RestDocsTestExecutionListener@7d6939b0, org.springframework.boot.test.autoconfigure.web.client.MockRestServiceServerResetTestExecutionListener@d17484e, org.springframework.boot.test.autoconfigure.web.servlet.MockMvcPrintOnlyOnFailureTestExecutionListener@4fef479b, org.springframework.boot.test.autoconfigure.web.servlet.WebDriverTestExecutionListener@59075cbd, org.springframework.boot.test.mock.mockito.ResetMocksTestExecutionListener@6d974a94]
10:36:18.105 [Test worker] DEBUG org.springframework.test.annotation.ProfileValueUtils - Retrieved @ProfileValueSourceConfiguration [null] for test class [accenture.chatbotpmo.chatbot.ChatbotApplicationTests]
10:36:18.105 [Test worker] DEBUG org.springframework.test.annotation.ProfileValueUtils - Retrieved ProfileValueSource type [class org.springframework.test.annotation.SystemProfileValueSource] for class [accenture.chatbotpmo.chatbot.ChatbotApplicationTests]
10:36:18.105 [Test worker] DEBUG org.springframework.test.annotation.ProfileValueUtils - Retrieved @ProfileValueSourceConfiguration [null] for test class [accenture.chatbotpmo.chatbot.ChatbotApplicationTests]
10:36:18.105 [Test worker] DEBUG org.springframework.test.annotation.ProfileValueUtils - Retrieved ProfileValueSource type [class org.springframework.test.annotation.SystemProfileValueSource] for class [accenture.chatbotpmo.chatbot.ChatbotApplicationTests]
10:36:18.105 [Test worker] DEBUG org.springframework.test.context.support.AbstractDirtiesContextTestExecutionListener - Before test class: context [DefaultTestContext@34ef7035 testClass = ChatbotApplicationTests, testInstance = [null], testMethod = [null], testException = [null], mergedContextConfiguration = [WebMergedContextConfiguration@3ffc532b testClass = ChatbotApplicationTests, locations = '{}', classes = '{class accenture.chatbotpmo.chatbot.ChatbotApplication}', contextInitializerClasses = '[]', activeProfiles = '{}', propertySourceLocations = '{}', propertySourceProperties = '{org.springframework.boot.test.context.SpringBootTestContextBootstrapper=true}', contextCustomizers = set[org.springframework.boot.test.autoconfigure.properties.PropertyMappingContextCustomizer@0, org.springframework.boot.test.autoconfigure.web.servlet.WebDriverContextCustomizerFactory$Customizer@4200b08b, org.springframework.boot.test.context.filter.ExcludeFilterContextCustomizer@4dd1541b, org.springframework.boot.test.json.DuplicateJsonObjectContextCustomizerFactory$DuplicateJsonObjectContextCustomizer@7627a72c, org.springframework.boot.test.mock.mockito.MockitoContextCustomizer@0, org.springframework.boot.test.web.client.TestRestTemplateContextCustomizer@4cb65c73], resourceBasePath = 'src/main/webapp', contextLoader = 'org.springframework.boot.test.context.SpringBootContextLoader', parent = [null]], attributes = map['org.springframework.test.context.web.ServletTestExecutionListener.activateListener' -> true]], class annotated with @DirtiesContext [false] with mode [null].
10:36:18.105 [Test worker] DEBUG org.springframework.test.annotation.ProfileValueUtils - Retrieved @ProfileValueSourceConfiguration [null] for test class [accenture.chatbotpmo.chatbot.ChatbotApplicationTests]
10:36:18.105 [Test worker] DEBUG org.springframework.test.annotation.ProfileValueUtils - Retrieved ProfileValueSource type [class org.springframework.test.annotation.SystemProfileValueSource] for class [accenture.chatbotpmo.chatbot.ChatbotApplicationTests]
10:36:18.121 [Test worker] DEBUG org.springframework.test.context.support.TestPropertySourceUtils - Adding inlined properties to environment: {spring.jmx.enabled=false, org.springframework.boot.test.context.SpringBootTestContextBootstrapper=true, server.port=-1}

  .   ____          _            __ _ _
 /\\ / ___'_ __ _ _(_)_ __  __ _ \ \ \ \
( ( )\___ | '_ | '_| | '_ \/ _` | \ \ \ \
 \\/  ___)| |_)| | | | | || (_| |  ) ) ) )
  '  |____| .__|_| |_|_| |_\__, | / / / /
 =========|_|==============|___/=/_/_/_/
 :: Spring Boot ::        (v2.1.2.RELEASE)

2019-05-03 10:36:18.374  INFO 1952 --- [    Test worker] a.c.chatbot.ChatbotApplicationTests      : Starting ChatbotApplicationTests on CPX-QUNEGHZLDE5 with PID 1952 (started by robin.fanfan.berger in C:\Users\robin.fanfan.berger\IdeaProjects\gradle-getting-started)
2019-05-03 10:36:18.374  INFO 1952 --- [    Test worker] a.c.chatbot.ChatbotApplicationTests      : The following profiles are active: production
2019-05-03 10:36:19.812  INFO 1952 --- [    Test worker] o.s.s.concurrent.ThreadPoolTaskExecutor  : Initializing ExecutorService 'applicationTaskExecutor'
2019-05-03 10:36:20.167  INFO 1952 --- [    Test worker] o.s.b.a.w.s.WelcomePageHandlerMapping    : Adding welcome page template: index
2019-05-03 10:36:20.410  INFO 1952 --- [    Test worker] a.c.chatbot.ChatbotApplicationTests      : Started ChatbotApplicationTests in 2.273 seconds (JVM running for 3.408)
]]></system-out>
  <system-err><![CDATA[]]></system-err>
</testsuite>
