<?xml version="1.0" encoding="UTF-8"?>
<testsuite name="accenture.chatbotpmo.chatbot.ChatbotApplicationTests" tests="1" skipped="0" failures="0" errors="0" timestamp="2019-05-03T09:26:54" hostname="CPX-QUNEGHZLDE5" time="0.229">
  <properties/>
  <testcase name="contextLoads" classname="accenture.chatbotpmo.chatbot.ChatbotApplicationTests" time="0.229"/>
  <system-out><![CDATA[11:26:51.018 [Test worker] DEBUG org.springframework.test.context.junit4.SpringJUnit4ClassRunner - SpringJUnit4ClassRunner constructor called with [class accenture.chatbotpmo.chatbot.ChatbotApplicationTests]
11:26:51.037 [Test worker] DEBUG org.springframework.test.context.BootstrapUtils - Instantiating CacheAwareContextLoaderDelegate from class [org.springframework.test.context.cache.DefaultCacheAwareContextLoaderDelegate]
11:26:51.037 [Test worker] DEBUG org.springframework.test.context.BootstrapUtils - Instantiating BootstrapContext using constructor [public org.springframework.test.context.support.DefaultBootstrapContext(java.lang.Class,org.springframework.test.context.CacheAwareContextLoaderDelegate)]
11:26:51.055 [Test worker] DEBUG org.springframework.test.context.BootstrapUtils - Instantiating TestContextBootstrapper for test class [accenture.chatbotpmo.chatbot.ChatbotApplicationTests] from class [org.springframework.boot.test.context.SpringBootTestContextBootstrapper]
11:26:51.070 [Test worker] INFO org.springframework.boot.test.context.SpringBootTestContextBootstrapper - Neither @ContextConfiguration nor @ContextHierarchy found for test class [accenture.chatbotpmo.chatbot.ChatbotApplicationTests], using SpringBootContextLoader
11:26:51.070 [Test worker] DEBUG org.springframework.test.context.support.AbstractContextLoader - Did not detect default resource location for test class [accenture.chatbotpmo.chatbot.ChatbotApplicationTests]: class path resource [accenture/chatbotpmo/chatbot/ChatbotApplicationTests-context.xml] does not exist
11:26:51.070 [Test worker] DEBUG org.springframework.test.context.support.AbstractContextLoader - Did not detect default resource location for test class [accenture.chatbotpmo.chatbot.ChatbotApplicationTests]: class path resource [accenture/chatbotpmo/chatbot/ChatbotApplicationTestsContext.groovy] does not exist
11:26:51.070 [Test worker] INFO org.springframework.test.context.support.AbstractContextLoader - Could not detect default resource locations for test class [accenture.chatbotpmo.chatbot.ChatbotApplicationTests]: no resource found for suffixes {-context.xml, Context.groovy}.
11:26:51.070 [Test worker] INFO org.springframework.test.context.support.AnnotationConfigContextLoaderUtils - Could not detect default configuration classes for test class [accenture.chatbotpmo.chatbot.ChatbotApplicationTests]: ChatbotApplicationTests does not declare any static, non-private, non-final, nested classes annotated with @Configuration.
11:26:51.117 [Test worker] DEBUG org.springframework.test.context.support.ActiveProfilesUtils - Could not find an 'annotation declaring class' for annotation type [org.springframework.test.context.ActiveProfiles] and class [accenture.chatbotpmo.chatbot.ChatbotApplicationTests]
11:26:51.206 [Test worker] DEBUG org.springframework.context.annotation.ClassPathScanningCandidateComponentProvider - Identified candidate component class: file [C:\Users\robin.fanfan.berger\IdeaProjects\chatbotpmo-java-webchat\build\classes\java\main\accenture\chatbotpmo\chatbot\ChatbotApplication.class]
11:26:51.206 [Test worker] INFO org.springframework.boot.test.context.SpringBootTestContextBootstrapper - Found @SpringBootConfiguration accenture.chatbotpmo.chatbot.ChatbotApplication for test class accenture.chatbotpmo.chatbot.ChatbotApplicationTests
11:26:51.333 [Test worker] DEBUG org.springframework.boot.test.context.SpringBootTestContextBootstrapper - @TestExecutionListeners is not present for class [accenture.chatbotpmo.chatbot.ChatbotApplicationTests]: using defaults.
11:26:51.333 [Test worker] INFO org.springframework.boot.test.context.SpringBootTestContextBootstrapper - Loaded default TestExecutionListener class names from location [META-INF/spring.factories]: [org.springframework.boot.test.autoconfigure.restdocs.RestDocsTestExecutionListener, org.springframework.boot.test.autoconfigure.web.client.MockRestServiceServerResetTestExecutionListener, org.springframework.boot.test.autoconfigure.web.servlet.MockMvcPrintOnlyOnFailureTestExecutionListener, org.springframework.boot.test.autoconfigure.web.servlet.WebDriverTestExecutionListener, org.springframework.boot.test.mock.mockito.MockitoTestExecutionListener, org.springframework.boot.test.mock.mockito.ResetMocksTestExecutionListener, org.springframework.test.context.web.ServletTestExecutionListener, org.springframework.test.context.support.DirtiesContextBeforeModesTestExecutionListener, org.springframework.test.context.support.DependencyInjectionTestExecutionListener, org.springframework.test.context.support.DirtiesContextTestExecutionListener, org.springframework.test.context.transaction.TransactionalTestExecutionListener, org.springframework.test.context.jdbc.SqlScriptsTestExecutionListener]
11:26:51.349 [Test worker] INFO org.springframework.boot.test.context.SpringBootTestContextBootstrapper - Using TestExecutionListeners: [org.springframework.test.context.web.ServletTestExecutionListener@5f560631, org.springframework.test.context.support.DirtiesContextBeforeModesTestExecutionListener@5c5d3c88, org.springframework.boot.test.mock.mockito.MockitoTestExecutionListener@5b59f243, org.springframework.boot.test.autoconfigure.SpringBootDependencyInjectionTestExecutionListener@bfa575c, org.springframework.test.context.support.DirtiesContextTestExecutionListener@6472af9c, org.springframework.test.context.transaction.TransactionalTestExecutionListener@51fe66e6, org.springframework.test.context.jdbc.SqlScriptsTestExecutionListener@45a14d70, org.springframework.boot.test.autoconfigure.restdocs.RestDocsTestExecutionListener@1cb8a22f, org.springframework.boot.test.autoconfigure.web.client.MockRestServiceServerResetTestExecutionListener@6d47f06b, org.springframework.boot.test.autoconfigure.web.servlet.MockMvcPrintOnlyOnFailureTestExecutionListener@4f2c6273, org.springframework.boot.test.autoconfigure.web.servlet.WebDriverTestExecutionListener@297c2b, org.springframework.boot.test.mock.mockito.ResetMocksTestExecutionListener@59d90fdb]
11:26:51.349 [Test worker] DEBUG org.springframework.test.annotation.ProfileValueUtils - Retrieved @ProfileValueSourceConfiguration [null] for test class [accenture.chatbotpmo.chatbot.ChatbotApplicationTests]
11:26:51.349 [Test worker] DEBUG org.springframework.test.annotation.ProfileValueUtils - Retrieved ProfileValueSource type [class org.springframework.test.annotation.SystemProfileValueSource] for class [accenture.chatbotpmo.chatbot.ChatbotApplicationTests]
11:26:51.349 [Test worker] DEBUG org.springframework.test.annotation.ProfileValueUtils - Retrieved @ProfileValueSourceConfiguration [null] for test class [accenture.chatbotpmo.chatbot.ChatbotApplicationTests]
11:26:51.349 [Test worker] DEBUG org.springframework.test.annotation.ProfileValueUtils - Retrieved ProfileValueSource type [class org.springframework.test.annotation.SystemProfileValueSource] for class [accenture.chatbotpmo.chatbot.ChatbotApplicationTests]
11:26:51.349 [Test worker] DEBUG org.springframework.test.context.support.AbstractDirtiesContextTestExecutionListener - Before test class: context [DefaultTestContext@4c104234 testClass = ChatbotApplicationTests, testInstance = [null], testMethod = [null], testException = [null], mergedContextConfiguration = [WebMergedContextConfiguration@1312f82a testClass = ChatbotApplicationTests, locations = '{}', classes = '{class accenture.chatbotpmo.chatbot.ChatbotApplication}', contextInitializerClasses = '[]', activeProfiles = '{}', propertySourceLocations = '{}', propertySourceProperties = '{org.springframework.boot.test.context.SpringBootTestContextBootstrapper=true}', contextCustomizers = set[org.springframework.boot.test.autoconfigure.properties.PropertyMappingContextCustomizer@0, org.springframework.boot.test.autoconfigure.web.servlet.WebDriverContextCustomizerFactory$Customizer@2e85aedb, org.springframework.boot.test.context.filter.ExcludeFilterContextCustomizer@456cb4ce, org.springframework.boot.test.json.DuplicateJsonObjectContextCustomizerFactory$DuplicateJsonObjectContextCustomizer@3b41ef1d, org.springframework.boot.test.mock.mockito.MockitoContextCustomizer@0, org.springframework.boot.test.web.client.TestRestTemplateContextCustomizer@943889f], resourceBasePath = 'src/main/webapp', contextLoader = 'org.springframework.boot.test.context.SpringBootContextLoader', parent = [null]], attributes = map['org.springframework.test.context.web.ServletTestExecutionListener.activateListener' -> true]], class annotated with @DirtiesContext [false] with mode [null].
11:26:51.349 [Test worker] DEBUG org.springframework.test.annotation.ProfileValueUtils - Retrieved @ProfileValueSourceConfiguration [null] for test class [accenture.chatbotpmo.chatbot.ChatbotApplicationTests]
11:26:51.349 [Test worker] DEBUG org.springframework.test.annotation.ProfileValueUtils - Retrieved ProfileValueSource type [class org.springframework.test.annotation.SystemProfileValueSource] for class [accenture.chatbotpmo.chatbot.ChatbotApplicationTests]
11:26:51.386 [Test worker] DEBUG org.springframework.test.context.support.TestPropertySourceUtils - Adding inlined properties to environment: {spring.jmx.enabled=false, org.springframework.boot.test.context.SpringBootTestContextBootstrapper=true, server.port=-1}

  .   ____          _            __ _ _
 /\\ / ___'_ __ _ _(_)_ __  __ _ \ \ \ \
( ( )\___ | '_ | '_| | '_ \/ _` | \ \ \ \
 \\/  ___)| |_)| | | | | || (_| |  ) ) ) )
  '  |____| .__|_| |_|_| |_\__, | / / / /
 =========|_|==============|___/=/_/_/_/
 :: Spring Boot ::        (v2.1.4.RELEASE)

2019-05-03 11:26:51.669  INFO 16868 --- [    Test worker] a.c.chatbot.ChatbotApplicationTests      : Starting ChatbotApplicationTests on CPX-QUNEGHZLDE5 with PID 16868 (started by robin.fanfan.berger in C:\Users\robin.fanfan.berger\IdeaProjects\chatbotpmo-java-webchat)
2019-05-03 11:26:51.669  INFO 16868 --- [    Test worker] a.c.chatbot.ChatbotApplicationTests      : The following profiles are active: production
2019-05-03 11:26:53.649  INFO 16868 --- [    Test worker] o.s.s.concurrent.ThreadPoolTaskExecutor  : Initializing ExecutorService 'applicationTaskExecutor'
2019-05-03 11:26:54.084  INFO 16868 --- [    Test worker] o.s.b.a.w.s.WelcomePageHandlerMapping    : Adding welcome page template: index
2019-05-03 11:26:54.427  INFO 16868 --- [    Test worker] a.c.chatbot.ChatbotApplicationTests      : Started ChatbotApplicationTests in 3.033 seconds (JVM running for 4.205)
]]></system-out>
  <system-err><![CDATA[]]></system-err>
</testsuite>
